<?xml version="1.0" encoding="UTF-8"?>
<testsuite name="RestaurantsTest" tests="2" skipped="0" failures="0" errors="0" timestamp="2016-02-16T18:30:42" hostname="epicodus-55.local" time="0.0">
  <properties/>
  <testcase name="Restaurants_instantiatesWithDescription_true" classname="RestaurantsTest" time="0.0"/>
  <testcase name="Restaurants_instantiatesCorrectly_true" classname="RestaurantsTest" time="0.0"/>
  <system-out><![CDATA[]]></system-out>
  <system-err><![CDATA[]]></system-err>
</testsuite>
